<?xml version="1.0" encoding="utf-8"?><testsuites name="pytest tests"><testsuite name="pytest" errors="0" failures="0" skipped="0" tests="16" time="55.349" timestamp="2026-04-11T08:45:41.122447+00:00" hostname="agent-env-f23e780e-c2b2-4b27-9b8a-ab6567c7b633"><testcase classname="backend.tests.test_phase4_apis.TestPhase4APIs" name="test_file_upload_endpoint_exists" time="0.594" /><testcase classname="backend.tests.test_phase4_apis.TestPhase4APIs" name="test_file_upload_with_image" time="6.403" /><testcase classname="backend.tests.test_phase4_apis.TestPhase4APIs" name="test_file_upload_with_pdf" time="3.137" /><testcase classname="backend.tests.test_phase4_apis.TestPhase4APIs" name="test_file_upload_invalid_type" time="0.478" /><testcase classname="backend.tests.test_phase4_apis.TestPhase4APIs" name="test_video_generate_slideshow" time="0.486" /><testcase classname="backend.tests.test_phase4_apis.TestPhase4APIs" name="test_video_generate_sora2" time="13.944" /><testcase classname="backend.tests.test_phase4_apis.TestPhase4APIs" name="test_get_video_status" time="14.648" /><testcase classname="backend.tests.test_phase4_apis.TestPhase4APIs" name="test_get_video_not_found" time="0.480" /><testcase classname="backend.tests.test_phase4_apis.TestPhase4APIs" name="test_get_videos_list" time="0.438" /><testcase classname="backend.tests.test_phase4_apis.TestPhase4APIs" name="test_slideshow_completion" time="11.581" /><testcase classname="backend.tests.test_phase4_apis.TestPhase4APIs" name="test_update_language_setting" time="0.677" /><testcase classname="backend.tests.test_phase4_apis.TestPhase4APIs" name="test_available_languages" time="0.420" /><testcase classname="backend.tests.test_phase4_apis.TestPhase4APIs" name="test_chat_sessions_crud" time="0.640" /><testcase classname="backend.tests.test_phase4_apis.TestPhase4APIs" name="test_profile_endpoint" time="0.440" /><testcase classname="backend.tests.test_phase4_apis.TestPhase4APIs" name="test_progress_streak" time="0.464" /><testcase classname="backend.tests.test_phase4_apis.TestPhase4APIs" name="test_progress_badges" time="0.427" /></testsuite></testsuites>