<?xml version="1.0" encoding="utf-8"?><testsuites name="pytest tests"><testsuite name="pytest" errors="0" failures="0" skipped="0" tests="20" time="22.343" timestamp="2026-04-11T07:54:27.578472+00:00" hostname="agent-env-f23e780e-c2b2-4b27-9b8a-ab6567c7b633"><testcase classname="backend.tests.test_phase3_apis.TestStudentAuth" name="test_student_login_success" time="0.456" /><testcase classname="backend.tests.test_phase3_apis.TestStudentAuth" name="test_student_login_invalid_credentials" time="0.330" /><testcase classname="backend.tests.test_phase3_apis.TestChatSessions" name="test_get_chat_sessions" time="0.474" /><testcase classname="backend.tests.test_phase3_apis.TestChatSessions" name="test_create_chat_session" time="0.443" /><testcase classname="backend.tests.test_phase3_apis.TestChatSessions" name="test_delete_chat_session" time="0.580" /><testcase classname="backend.tests.test_phase3_apis.TestChatSessions" name="test_get_session_messages" time="0.616" /><testcase classname="backend.tests.test_phase3_apis.TestSettings" name="test_get_settings" time="0.426" /><testcase classname="backend.tests.test_phase3_apis.TestSettings" name="test_update_settings" time="0.617" /><testcase classname="backend.tests.test_phase3_apis.TestProfile" name="test_get_profile" time="0.432" /><testcase classname="backend.tests.test_phase3_apis.TestProfile" name="test_update_profile_name" time="0.794" /><testcase classname="backend.tests.test_phase3_apis.TestTeacherAuth" name="test_teacher_register_invalid_code" time="0.105" /><testcase classname="backend.tests.test_phase3_apis.TestTeacherAuth" name="test_teacher_register_success" time="0.329" /><testcase classname="backend.tests.test_phase3_apis.TestTeacherAuth" name="test_teacher_login_success" time="0.661" /><testcase classname="backend.tests.test_phase3_apis.TestTeacherAuth" name="test_teacher_login_invalid_credentials" time="0.112" /><testcase classname="backend.tests.test_phase3_apis.TestTeacherDashboard" name="test_get_teacher_students" time="0.429" /><testcase classname="backend.tests.test_phase3_apis.TestTeacherDashboard" name="test_get_class_analytics" time="0.445" /><testcase classname="backend.tests.test_phase3_apis.TestTeacherDashboard" name="test_get_student_detail" time="0.543" /><testcase classname="backend.tests.test_phase3_apis.TestTeacherDashboard" name="test_get_student_detail_not_found" time="0.419" /><testcase classname="backend.tests.test_phase3_apis.TestChatWithSession" name="test_chat_auto_creates_session" time="6.669" /><testcase classname="backend.tests.test_phase3_apis.TestChatWithSession" name="test_chat_with_existing_session" time="7.368" /></testsuite></testsuites>